<?xml version="1.0" encoding="UTF-8"?>
<testsuite xmlns:xsi="http://www.w3.org/2001/XMLSchema-instance" xsi:noNamespaceSchemaLocation="https://maven.apache.org/surefire/maven-failsafe-plugin/xsd/failsafe-test-report.xsd" name="Book Flights on Ryanair.com" time="61.801" tests="1" errors="1" skipped="0" failures="0">
  <properties>
    <property name="sun.desktop" value="windows"/>
    <property name="awt.toolkit" value="sun.awt.windows.WToolkit"/>
    <property name="file.encoding.pkg" value="sun.io"/>
    <property name="java.specification.version" value="1.8"/>
    <property name="webdriver.chrome.driver" value="C:\chromedriver.exe"/>
    <property name="sun.cpu.isalist" value="amd64"/>
    <property name="sun.jnu.encoding" value="Cp1252"/>
    <property name="java.class.path" value="C:\Users\AndresMauricioEscoba\Desktop\JavaProjects\BringRyanair\target\test-classes;C:\Users\AndresMauricioEscoba\Desktop\JavaProjects\BringRyanair\target\todo-demo-1.0.0-SNAPSHOT.jar;C:\Users\AndresMauricioEscoba\.m2\repository\ch\qos\logback\logback-classic\1.0.13\logback-classic-1.0.13.jar;C:\Users\AndresMauricioEscoba\.m2\repository\ch\qos\logback\logback-core\1.0.13\logback-core-1.0.13.jar;C:\Users\AndresMauricioEscoba\.m2\repository\org\slf4j\slf4j-api\1.7.5\slf4j-api-1.7.5.jar;C:\Users\AndresMauricioEscoba\.m2\repository\net\serenity-bdd\serenity-core\2.0.91\serenity-core-2.0.91.jar;C:\Users\AndresMauricioEscoba\.m2\repository\net\bytebuddy\byte-buddy\1.10.1\byte-buddy-1.10.1.jar;C:\Users\AndresMauricioEscoba\.m2\repository\net\bytebuddy\byte-buddy-agent\1.10.1\byte-buddy-agent-1.10.1.jar;C:\Users\AndresMauricioEscoba\.m2\repository\com\google\guava\guava\25.0-jre\guava-25.0-jre.jar;C:\Users\AndresMauricioEscoba\.m2\repository\com\google\code\findbugs\jsr305\1.3.9\jsr305-1.3.9.jar;C:\Users\AndresMauricioEscoba\.m2\repository\org\checkerframework\checker-compat-qual\2.0.0\checker-compat-qual-2.0.0.jar;C:\Users\AndresMauricioEscoba\.m2\repository\com\google\errorprone\error_prone_annotations\2.1.3\error_prone_annotations-2.1.3.jar;C:\Users\AndresMauricioEscoba\.m2\repository\com\google\j2objc\j2objc-annotations\1.1\j2objc-annotations-1.1.jar;C:\Users\AndresMauricioEscoba\.m2\repository\org\codehaus\mojo\animal-sniffer-annotations\1.14\animal-sniffer-annotations-1.14.jar;C:\Users\AndresMauricioEscoba\.m2\repository\com\google\inject\guice\4.2.2\guice-4.2.2.jar;C:\Users\AndresMauricioEscoba\.m2\repository\javax\inject\javax.inject\1\javax.inject-1.jar;C:\Users\AndresMauricioEscoba\.m2\repository\aopalliance\aopalliance\1.0\aopalliance-1.0.jar;C:\Users\AndresMauricioEscoba\.m2\repository\org\ow2\asm\asm\7.2\asm-7.2.jar;C:\Users\AndresMauricioEscoba\.m2\repository\commons-codec\commons-codec\1.10\commons-codec-1.10.jar;C:\Users\AndresMauricioEscoba\.m2\repository\org\objenesis\objenesis\3.0.1\objenesis-3.0.1.jar;C:\Users\AndresMauricioEscoba\.m2\repository\xml-apis\xml-apis\1.4.01\xml-apis-1.4.01.jar;C:\Users\AndresMauricioEscoba\.m2\repository\commons-logging\commons-logging\1.2\commons-logging-1.2.jar;C:\Users\AndresMauricioEscoba\.m2\repository\io\vavr\vavr\0.9.0\vavr-0.9.0.jar;C:\Users\AndresMauricioEscoba\.m2\repository\io\vavr\vavr-match\0.9.0\vavr-match-0.9.0.jar;C:\Users\AndresMauricioEscoba\.m2\repository\javax\xml\bind\jaxb-api\2.2.12\jaxb-api-2.2.12.jar;C:\Users\AndresMauricioEscoba\.m2\repository\com\sun\xml\bind\jaxb-core\2.3.0.1\jaxb-core-2.3.0.1.jar;C:\Users\AndresMauricioEscoba\.m2\repository\com\sun\xml\bind\jaxb-impl\2.3.0.1\jaxb-impl-2.3.0.1.jar;C:\Users\AndresMauricioEscoba\.m2\repository\javax\activation\activation\1.1.1\activation-1.1.1.jar;C:\Users\AndresMauricioEscoba\.m2\repository\org\mockito\mockito-core\3.1.0\mockito-core-3.1.0.jar;C:\Users\AndresMauricioEscoba\.m2\repository\net\serenity-bdd\serenity-report-resources\2.0.91\serenity-report-resources-2.0.91.jar;C:\Users\AndresMauricioEscoba\.m2\repository\net\serenity-bdd\serenity-reports\2.0.91\serenity-reports-2.0.91.jar;C:\Users\AndresMauricioEscoba\.m2\repository\net\serenity-bdd\serenity-stats\2.0.91\serenity-stats-2.0.91.jar;C:\Users\AndresMauricioEscoba\.m2\repository\org\jetbrains\kotlin\kotlin-stdlib\1.3.31\kotlin-stdlib-1.3.31.jar;C:\Users\AndresMauricioEscoba\.m2\repository\org\jetbrains\kotlin\kotlin-stdlib-common\1.3.31\kotlin-stdlib-common-1.3.31.jar;C:\Users\AndresMauricioEscoba\.m2\repository\org\jetbrains\annotations\13.0\annotations-13.0.jar;C:\Users\AndresMauricioEscoba\.m2\repository\com\google\code\gson\gson\2.8.4\gson-2.8.4.jar;C:\Users\AndresMauricioEscoba\.m2\repository\commons-io\commons-io\2.6\commons-io-2.6.jar;C:\Users\AndresMauricioEscoba\.m2\repository\org\seleniumhq\selenium\selenium-server\3.141.59\selenium-server-3.141.59.jar;C:\Users\AndresMauricioEscoba\.m2\repository\org\seleniumhq\selenium\selenium-firefox-driver\3.141.59\selenium-firefox-driver-3.141.59.jar;C:\Users\AndresMauricioEscoba\.m2\repository\org\seleniumhq\selenium\selenium-ie-driver\3.141.59\selenium-ie-driver-3.141.59.jar;C:\Users\AndresMauricioEscoba\.m2\repository\com\beust\jcommander\1.72\jcommander-1.72.jar;C:\Users\AndresMauricioEscoba\.m2\repository\org\apache\commons\commons-exec\1.3\commons-exec-1.3.jar;C:\Users\AndresMauricioEscoba\.m2\repository\net\jcip\jcip-annotations\1.0\jcip-annotations-1.0.jar;C:\Users\AndresMauricioEscoba\.m2\repository\org\seleniumhq\selenium\jetty-repacked\9.4.12.v20180830\jetty-repacked-9.4.12.v20180830.jar;C:\Users\AndresMauricioEscoba\.m2\repository\com\squareup\okhttp3\okhttp\3.11.0\okhttp-3.11.0.jar;C:\Users\AndresMauricioEscoba\.m2\repository\com\squareup\okio\okio\1.14.0\okio-1.14.0.jar;C:\Users\AndresMauricioEscoba\.m2\repository\javax\servlet\javax.servlet-api\3.1.0\javax.servlet-api-3.1.0.jar;C:\Users\AndresMauricioEscoba\.m2\repository\org\yaml\snakeyaml\1.19\snakeyaml-1.19.jar;C:\Users\AndresMauricioEscoba\.m2\repository\org\seleniumhq\selenium\selenium-java\3.141.59\selenium-java-3.141.59.jar;C:\Users\AndresMauricioEscoba\.m2\repository\org\seleniumhq\selenium\selenium-api\3.141.59\selenium-api-3.141.59.jar;C:\Users\AndresMauricioEscoba\.m2\repository\org\seleniumhq\selenium\selenium-chrome-driver\3.141.59\selenium-chrome-driver-3.141.59.jar;C:\Users\AndresMauricioEscoba\.m2\repository\org\seleniumhq\selenium\selenium-edge-driver\3.141.59\selenium-edge-driver-3.141.59.jar;C:\Users\AndresMauricioEscoba\.m2\repository\org\seleniumhq\selenium\selenium-remote-driver\3.141.59\selenium-remote-driver-3.141.59.jar;C:\Users\AndresMauricioEscoba\.m2\repository\org\seleniumhq\selenium\selenium-safari-driver\3.141.59\selenium-safari-driver-3.141.59.jar;C:\Users\AndresMauricioEscoba\.m2\repository\org\seleniumhq\selenium\selenium-opera-driver\3.141.59\selenium-opera-driver-3.141.59.jar;C:\Users\AndresMauricioEscoba\.m2\repository\org\seleniumhq\selenium\selenium-support\3.141.59\selenium-support-3.141.59.jar;C:\Users\AndresMauricioEscoba\.m2\repository\com\paulhammant\ngwebdriver\1.1.4\ngwebdriver-1.1.4.jar;C:\Users\AndresMauricioEscoba\.m2\repository\com\codeborne\phantomjsdriver\1.4.4\phantomjsdriver-1.4.4.jar;C:\Users\AndresMauricioEscoba\.m2\repository\org\seleniumhq\selenium\htmlunit-driver\2.36.0\htmlunit-driver-2.36.0.jar;C:\Users\AndresMauricioEscoba\.m2\repository\io\appium\java-client\7.3.0\java-client-7.3.0.jar;C:\Users\AndresMauricioEscoba\.m2\repository\commons-validator\commons-validator\1.6\commons-validator-1.6.jar;C:\Users\AndresMauricioEscoba\.m2\repository\commons-beanutils\commons-beanutils\1.9.2\commons-beanutils-1.9.2.jar;C:\Users\AndresMauricioEscoba\.m2\repository\commons-digester\commons-digester\1.8.1\commons-digester-1.8.1.jar;C:\Users\AndresMauricioEscoba\.m2\repository\org\aspectj\aspectjweaver\1.9.4\aspectjweaver-1.9.4.jar;C:\Users\AndresMauricioEscoba\.m2\repository\org\springframework\spring-context-support\5.1.2.RELEASE\spring-context-support-5.1.2.RELEASE.jar;C:\Users\AndresMauricioEscoba\.m2\repository\org\springframework\spring-beans\5.1.2.RELEASE\spring-beans-5.1.2.RELEASE.jar;C:\Users\AndresMauricioEscoba\.m2\repository\org\springframework\spring-context\5.1.2.RELEASE\spring-context-5.1.2.RELEASE.jar;C:\Users\AndresMauricioEscoba\.m2\repository\org\springframework\spring-aop\5.1.2.RELEASE\spring-aop-5.1.2.RELEASE.jar;C:\Users\AndresMauricioEscoba\.m2\repository\org\springframework\spring-expression\5.1.2.RELEASE\spring-expression-5.1.2.RELEASE.jar;C:\Users\AndresMauricioEscoba\.m2\repository\org\springframework\spring-core\5.1.2.RELEASE\spring-core-5.1.2.RELEASE.jar;C:\Users\AndresMauricioEscoba\.m2\repository\org\springframework\spring-jcl\5.1.2.RELEASE\spring-jcl-5.1.2.RELEASE.jar;C:\Users\AndresMauricioEscoba\.m2\repository\org\codehaus\groovy\groovy\2.5.5\groovy-2.5.5.jar;C:\Users\AndresMauricioEscoba\.m2\repository\net\sf\opencsv\opencsv\2.0\opencsv-2.0.jar;C:\Users\AndresMauricioEscoba\.m2\repository\commons-beanutils\commons-beanutils-core\1.8.3\commons-beanutils-core-1.8.3.jar;C:\Users\AndresMauricioEscoba\.m2\repository\joda-time\joda-time\2.7\joda-time-2.7.jar;C:\Users\AndresMauricioEscoba\.m2\repository\com\thoughtworks\xstream\xstream\1.4.9\xstream-1.4.9.jar;C:\Users\AndresMauricioEscoba\.m2\repository\xmlpull\xmlpull\1.1.3.1\xmlpull-1.1.3.1.jar;C:\Users\AndresMauricioEscoba\.m2\repository\xpp3\xpp3_min\1.1.4c\xpp3_min-1.1.4c.jar;C:\Users\AndresMauricioEscoba\.m2\repository\org\apache\commons\commons-lang3\3.8.1\commons-lang3-3.8.1.jar;C:\Users\AndresMauricioEscoba\.m2\repository\commons-collections\commons-collections\3.2.2\commons-collections-3.2.2.jar;C:\Users\AndresMauricioEscoba\.m2\repository\org\freemarker\freemarker\2.3.28\freemarker-2.3.28.jar;C:\Users\AndresMauricioEscoba\.m2\repository\net\sourceforge\jexcelapi\jxl\2.6.12\jxl-2.6.12.jar;C:\Users\AndresMauricioEscoba\.m2\repository\org\hamcrest\hamcrest-core\1.3\hamcrest-core-1.3.jar;C:\Users\AndresMauricioEscoba\.m2\repository\org\hamcrest\hamcrest-library\1.3\hamcrest-library-1.3.jar;C:\Users\AndresMauricioEscoba\.m2\repository\net\sourceforge\htmlunit\htmlunit\2.36.0\htmlunit-2.36.0.jar;C:\Users\AndresMauricioEscoba\.m2\repository\net\sourceforge\htmlunit\htmlunit-core-js\2.36.0\htmlunit-core-js-2.36.0.jar;C:\Users\AndresMauricioEscoba\.m2\repository\net\sourceforge\htmlunit\neko-htmlunit\2.36.0\neko-htmlunit-2.36.0.jar;C:\Users\AndresMauricioEscoba\.m2\repository\xerces\xercesImpl\2.12.0\xercesImpl-2.12.0.jar;C:\Users\AndresMauricioEscoba\.m2\repository\net\sourceforge\htmlunit\htmlunit-cssparser\1.5.0\htmlunit-cssparser-1.5.0.jar;C:\Users\AndresMauricioEscoba\.m2\repository\org\brotli\dec\0.1.2\dec-0.1.2.jar;C:\Users\AndresMauricioEscoba\.m2\repository\org\eclipse\jetty\websocket\websocket-client\9.4.20.v20190813\websocket-client-9.4.20.v20190813.jar;C:\Users\AndresMauricioEscoba\.m2\repository\org\eclipse\jetty\jetty-client\9.4.20.v20190813\jetty-client-9.4.20.v20190813.jar;C:\Users\AndresMauricioEscoba\.m2\repository\org\eclipse\jetty\jetty-http\9.4.20.v20190813\jetty-http-9.4.20.v20190813.jar;C:\Users\AndresMauricioEscoba\.m2\repository\org\eclipse\jetty\jetty-xml\9.4.20.v20190813\jetty-xml-9.4.20.v20190813.jar;C:\Users\AndresMauricioEscoba\.m2\repository\org\eclipse\jetty\jetty-util\9.4.20.v20190813\jetty-util-9.4.20.v20190813.jar;C:\Users\AndresMauricioEscoba\.m2\repository\org\eclipse\jetty\jetty-io\9.4.20.v20190813\jetty-io-9.4.20.v20190813.jar;C:\Users\AndresMauricioEscoba\.m2\repository\org\eclipse\jetty\websocket\websocket-common\9.4.20.v20190813\websocket-common-9.4.20.v20190813.jar;C:\Users\AndresMauricioEscoba\.m2\repository\org\eclipse\jetty\websocket\websocket-api\9.4.20.v20190813\websocket-api-9.4.20.v20190813.jar;C:\Users\AndresMauricioEscoba\.m2\repository\org\apache\httpcomponents\httpclient\4.5.5\httpclient-4.5.5.jar;C:\Users\AndresMauricioEscoba\.m2\repository\org\apache\httpcomponents\httpcore\4.4.9\httpcore-4.4.9.jar;C:\Users\AndresMauricioEscoba\.m2\repository\org\apache\httpcomponents\httpmime\4.5.5\httpmime-4.5.5.jar;C:\Users\AndresMauricioEscoba\.m2\repository\org\fluentlenium\fluentlenium-core\0.10.2\fluentlenium-core-0.10.2.jar;C:\Users\AndresMauricioEscoba\.m2\repository\com\jhlabs\filters\2.0.235\filters-2.0.235.jar;C:\Users\AndresMauricioEscoba\.m2\repository\org\asciidoctor\asciidoctorj\1.5.6\asciidoctorj-1.5.6.jar;C:\Users\AndresMauricioEscoba\.m2\repository\org\jruby\jruby-complete\1.7.26\jruby-complete-1.7.26.jar;C:\Users\AndresMauricioEscoba\.m2\repository\org\imgscalr\imgscalr-lib\4.2\imgscalr-lib-4.2.jar;C:\Users\AndresMauricioEscoba\.m2\repository\javax\el\javax.el-api\2.2.4\javax.el-api-2.2.4.jar;C:\Users\AndresMauricioEscoba\.m2\repository\org\glassfish\web\javax.el\2.2.4\javax.el-2.2.4.jar;C:\Users\AndresMauricioEscoba\.m2\repository\xalan\xalan\2.7.2\xalan-2.7.2.jar;C:\Users\AndresMauricioEscoba\.m2\repository\xalan\serializer\2.7.2\serializer-2.7.2.jar;C:\Users\AndresMauricioEscoba\.m2\repository\org\awaitility\awaitility\4.0.1\awaitility-4.0.1.jar;C:\Users\AndresMauricioEscoba\.m2\repository\org\hamcrest\hamcrest\2.1\hamcrest-2.1.jar;C:\Users\AndresMauricioEscoba\.m2\repository\com\typesafe\config\1.3.1\config-1.3.1.jar;C:\Users\AndresMauricioEscoba\.m2\repository\org\jsoup\jsoup\1.10.3\jsoup-1.10.3.jar;C:\Users\AndresMauricioEscoba\.m2\repository\com\google\jimfs\jimfs\1.1\jimfs-1.1.jar;C:\Users\AndresMauricioEscoba\.m2\repository\com\vladsch\flexmark\flexmark-all\0.34.30\flexmark-all-0.34.30.jar;C:\Users\AndresMauricioEscoba\.m2\repository\com\vladsch\flexmark\flexmark\0.34.30\flexmark-0.34.30.jar;C:\Users\AndresMauricioEscoba\.m2\repository\com\vladsch\flexmark\flexmark-ext-abbreviation\0.34.30\flexmark-ext-abbreviation-0.34.30.jar;C:\Users\AndresMauricioEscoba\.m2\repository\com\vladsch\flexmark\flexmark-ext-admonition\0.34.30\flexmark-ext-admonition-0.34.30.jar;C:\Users\AndresMauricioEscoba\.m2\repository\com\vladsch\flexmark\flexmark-ext-anchorlink\0.34.30\flexmark-ext-anchorlink-0.34.30.jar;C:\Users\AndresMauricioEscoba\.m2\repository\com\vladsch\flexmark\flexmark-ext-aside\0.34.30\flexmark-ext-aside-0.34.30.jar;C:\Users\AndresMauricioEscoba\.m2\repository\com\vladsch\flexmark\flexmark-ext-attributes\0.34.30\flexmark-ext-attributes-0.34.30.jar;C:\Users\AndresMauricioEscoba\.m2\repository\com\vladsch\flexmark\flexmark-ext-autolink\0.34.30\flexmark-ext-autolink-0.34.30.jar;C:\Users\AndresMauricioEscoba\.m2\repository\org\nibor\autolink\autolink\0.6.0\autolink-0.6.0.jar;C:\Users\AndresMauricioEscoba\.m2\repository\com\vladsch\flexmark\flexmark-ext-definition\0.34.30\flexmark-ext-definition-0.34.30.jar;C:\Users\AndresMauricioEscoba\.m2\repository\com\vladsch\flexmark\flexmark-ext-emoji\0.34.30\flexmark-ext-emoji-0.34.30.jar;C:\Users\AndresMauricioEscoba\.m2\repository\com\vladsch\flexmark\flexmark-ext-enumerated-reference\0.34.30\flexmark-ext-enumerated-reference-0.34.30.jar;C:\Users\AndresMauricioEscoba\.m2\repository\com\vladsch\flexmark\flexmark-ext-escaped-character\0.34.30\flexmark-ext-escaped-character-0.34.30.jar;C:\Users\AndresMauricioEscoba\.m2\repository\com\vladsch\flexmark\flexmark-ext-footnotes\0.34.30\flexmark-ext-footnotes-0.34.30.jar;C:\Users\AndresMauricioEscoba\.m2\repository\com\vladsch\flexmark\flexmark-ext-gfm-issues\0.34.30\flexmark-ext-gfm-issues-0.34.30.jar;C:\Users\AndresMauricioEscoba\.m2\repository\com\vladsch\flexmark\flexmark-ext-gfm-strikethrough\0.34.30\flexmark-ext-gfm-strikethrough-0.34.30.jar;C:\Users\AndresMauricioEscoba\.m2\repository\com\vladsch\flexmark\flexmark-ext-gfm-tables\0.34.30\flexmark-ext-gfm-tables-0.34.30.jar;C:\Users\AndresMauricioEscoba\.m2\repository\com\vladsch\flexmark\flexmark-ext-gfm-tasklist\0.34.30\flexmark-ext-gfm-tasklist-0.34.30.jar;C:\Users\AndresMauricioEscoba\.m2\repository\com\vladsch\flexmark\flexmark-ext-gfm-users\0.34.30\flexmark-ext-gfm-users-0.34.30.jar;C:\Users\AndresMauricioEscoba\.m2\repository\com\vladsch\flexmark\flexmark-ext-gitlab\0.34.30\flexmark-ext-gitlab-0.34.30.jar;C:\Users\AndresMauricioEscoba\.m2\repository\com\vladsch\flexmark\flexmark-ext-jekyll-front-matter\0.34.30\flexmark-ext-jekyll-front-matter-0.34.30.jar;C:\Users\AndresMauricioEscoba\.m2\repository\com\vladsch\flexmark\flexmark-ext-jekyll-tag\0.34.30\flexmark-ext-jekyll-tag-0.34.30.jar;C:\Users\AndresMauricioEscoba\.m2\repository\com\vladsch\flexmark\flexmark-ext-media-tags\0.34.30\flexmark-ext-media-tags-0.34.30.jar;C:\Users\AndresMauricioEscoba\.m2\repository\com\vladsch\flexmark\flexmark-test-util\0.34.30\flexmark-test-util-0.34.30.jar;C:\Users\AndresMauricioEscoba\.m2\repository\com\vladsch\flexmark\flexmark-ext-ins\0.34.30\flexmark-ext-ins-0.34.30.jar;C:\Users\AndresMauricioEscoba\.m2\repository\com\vladsch\flexmark\flexmark-ext-xwiki-macros\0.34.30\flexmark-ext-xwiki-macros-0.34.30.jar;C:\Users\AndresMauricioEscoba\.m2\repository\com\vladsch\flexmark\flexmark-ext-superscript\0.34.30\flexmark-ext-superscript-0.34.30.jar;C:\Users\AndresMauricioEscoba\.m2\repository\com\vladsch\flexmark\flexmark-ext-tables\0.34.30\flexmark-ext-tables-0.34.30.jar;C:\Users\AndresMauricioEscoba\.m2\repository\com\vladsch\flexmark\flexmark-ext-toc\0.34.30\flexmark-ext-toc-0.34.30.jar;C:\Users\AndresMauricioEscoba\.m2\repository\com\vladsch\flexmark\flexmark-ext-typographic\0.34.30\flexmark-ext-typographic-0.34.30.jar;C:\Users\AndresMauricioEscoba\.m2\repository\com\vladsch\flexmark\flexmark-ext-wikilink\0.34.30\flexmark-ext-wikilink-0.34.30.jar;C:\Users\AndresMauricioEscoba\.m2\repository\com\vladsch\flexmark\flexmark-ext-yaml-front-matter\0.34.30\flexmark-ext-yaml-front-matter-0.34.30.jar;C:\Users\AndresMauricioEscoba\.m2\repository\com\vladsch\flexmark\flexmark-ext-youtube-embedded\0.34.30\flexmark-ext-youtube-embedded-0.34.30.jar;C:\Users\AndresMauricioEscoba\.m2\repository\com\vladsch\flexmark\flexmark-formatter\0.34.30\flexmark-formatter-0.34.30.jar;C:\Users\AndresMauricioEscoba\.m2\repository\com\vladsch\flexmark\flexmark-html-parser\0.34.30\flexmark-html-parser-0.34.30.jar;C:\Users\AndresMauricioEscoba\.m2\repository\com\vladsch\flexmark\flexmark-jira-converter\0.34.30\flexmark-jira-converter-0.34.30.jar;C:\Users\AndresMauricioEscoba\.m2\repository\com\vladsch\flexmark\flexmark-pdf-converter\0.34.30\flexmark-pdf-converter-0.34.30.jar;C:\Users\AndresMauricioEscoba\.m2\repository\com\openhtmltopdf\openhtmltopdf-core\0.0.1-RC13\openhtmltopdf-core-0.0.1-RC13.jar;C:\Users\AndresMauricioEscoba\.m2\repository\com\openhtmltopdf\openhtmltopdf-pdfbox\0.0.1-RC13\openhtmltopdf-pdfbox-0.0.1-RC13.jar;C:\Users\AndresMauricioEscoba\.m2\repository\org\apache\pdfbox\pdfbox\2.0.8\pdfbox-2.0.8.jar;C:\Users\AndresMauricioEscoba\.m2\repository\org\apache\pdfbox\fontbox\2.0.8\fontbox-2.0.8.jar;C:\Users\AndresMauricioEscoba\.m2\repository\org\apache\pdfbox\xmpbox\2.0.8\xmpbox-2.0.8.jar;C:\Users\AndresMauricioEscoba\.m2\repository\de\rototor\pdfbox\graphics2d\0.12\graphics2d-0.12.jar;C:\Users\AndresMauricioEscoba\.m2\repository\com\openhtmltopdf\openhtmltopdf-rtl-support\0.0.1-RC13\openhtmltopdf-rtl-support-0.0.1-RC13.jar;C:\Users\AndresMauricioEscoba\.m2\repository\com\ibm\icu\icu4j\59.1\icu4j-59.1.jar;C:\Users\AndresMauricioEscoba\.m2\repository\com\openhtmltopdf\openhtmltopdf-jsoup-dom-converter\0.0.1-RC13\openhtmltopdf-jsoup-dom-converter-0.0.1-RC13.jar;C:\Users\AndresMauricioEscoba\.m2\repository\com\vladsch\flexmark\flexmark-profile-pegdown\0.34.30\flexmark-profile-pegdown-0.34.30.jar;C:\Users\AndresMauricioEscoba\.m2\repository\com\vladsch\flexmark\flexmark-util\0.34.30\flexmark-util-0.34.30.jar;C:\Users\AndresMauricioEscoba\.m2\repository\com\vladsch\flexmark\flexmark-youtrack-converter\0.34.30\flexmark-youtrack-converter-0.34.30.jar;C:\Users\AndresMauricioEscoba\.m2\repository\io\cucumber\cucumber-core\4.8.0\cucumber-core-4.8.0.jar;C:\Users\AndresMauricioEscoba\.m2\repository\io\cucumber\gherkin\5.1.0\gherkin-5.1.0.jar;C:\Users\AndresMauricioEscoba\.m2\repository\io\cucumber\tag-expressions\1.1.1\tag-expressions-1.1.1.jar;C:\Users\AndresMauricioEscoba\.m2\repository\io\cucumber\cucumber-expressions\7.0.2\cucumber-expressions-7.0.2.jar;C:\Users\AndresMauricioEscoba\.m2\repository\org\apiguardian\apiguardian-api\1.1.0\apiguardian-api-1.1.0.jar;C:\Users\AndresMauricioEscoba\.m2\repository\io\cucumber\cucumber-java\4.8.0\cucumber-java-4.8.0.jar;C:\Users\AndresMauricioEscoba\.m2\repository\org\projectlombok\lombok\1.18.20\lombok-1.18.20.jar;C:\Users\AndresMauricioEscoba\.m2\repository\io\cucumber\cucumber-junit\4.8.0\cucumber-junit-4.8.0.jar;C:\Users\AndresMauricioEscoba\.m2\repository\junit\junit\4.12\junit-4.12.jar;C:\Users\AndresMauricioEscoba\.m2\repository\net\serenity-bdd\serenity-junit\2.0.91\serenity-junit-2.0.91.jar;C:\Users\AndresMauricioEscoba\.m2\repository\net\serenity-bdd\serenity-screenplay\2.0.91\serenity-screenplay-2.0.91.jar;C:\Users\AndresMauricioEscoba\.m2\repository\net\serenity-bdd\serenity-screenplay-webdriver\2.0.91\serenity-screenplay-webdriver-2.0.91.jar;C:\Users\AndresMauricioEscoba\.m2\repository\net\serenity-bdd\serenity-cucumber4\2.1.2\serenity-cucumber4-2.1.2.jar;C:\Users\AndresMauricioEscoba\.m2\repository\io\cucumber\datatable-matchers\1.1.14\datatable-matchers-1.1.14.jar;C:\Users\AndresMauricioEscoba\.m2\repository\org\apache\commons\commons-csv\1.5\commons-csv-1.5.jar;C:\Users\AndresMauricioEscoba\.m2\repository\org\assertj\assertj-core\3.6.2\assertj-core-3.6.2.jar;C:\Users\AndresMauricioEscoba\.m2\repository\org\hamcrest\hamcrest-all\1.3\hamcrest-all-1.3.jar;C:\Users\AndresMauricioEscoba\.m2\repository\io\cucumber\datatable\3.5.0\datatable-3.5.0.jar;C:\Users\AndresMauricioEscoba\.m2\repository\net\serenity-bdd\serenity-model\2.0.91\serenity-model-2.0.91.jar;C:\Users\AndresMauricioEscoba\.m2\repository\commons-net\commons-net\3.6\commons-net-3.6.jar;C:\Users\AndresMauricioEscoba\.m2\repository\org\apache\commons\commons-text\1.6\commons-text-1.6.jar;C:\Users\AndresMauricioEscoba\.m2\repository\es\nitaur\markdown\txtmark\0.16\txtmark-0.16.jar;"/>
    <property name="java.vm.vendor" value="Oracle Corporation"/>
    <property name="sun.arch.data.model" value="64"/>
    <property name="user.variant" value=""/>
    <property name="java.vendor.url" value="http://java.oracle.com/"/>
    <property name="user.timezone" value="America/Bogota"/>
    <property name="java.vm.specification.version" value="1.8"/>
    <property name="os.name" value="Windows 10"/>
    <property name="user.country" value="CO"/>
    <property name="sun.java.launcher" value="SUN_STANDARD"/>
    <property name="sun.boot.library.path" value="C:\Program Files\Java\jdk1.8.0_291\jre\bin"/>
    <property name="sun.java.command" value="C:\Users\ANDRES~1\AppData\Local\Temp\surefire6541794503526025035\surefirebooter1794993701140826013.jar C:\Users\AndresMauricioEscoba\AppData\Local\Temp\surefire6541794503526025035 2021-06-05T22-14-35_700-jvmRun1 surefire7629540155010081358tmp surefire_09219501746848562243tmp"/>
    <property name="surefire.test.class.path" value="C:\Users\AndresMauricioEscoba\Desktop\JavaProjects\BringRyanair\target\test-classes;C:\Users\AndresMauricioEscoba\Desktop\JavaProjects\BringRyanair\target\todo-demo-1.0.0-SNAPSHOT.jar;C:\Users\AndresMauricioEscoba\.m2\repository\ch\qos\logback\logback-classic\1.0.13\logback-classic-1.0.13.jar;C:\Users\AndresMauricioEscoba\.m2\repository\ch\qos\logback\logback-core\1.0.13\logback-core-1.0.13.jar;C:\Users\AndresMauricioEscoba\.m2\repository\org\slf4j\slf4j-api\1.7.5\slf4j-api-1.7.5.jar;C:\Users\AndresMauricioEscoba\.m2\repository\net\serenity-bdd\serenity-core\2.0.91\serenity-core-2.0.91.jar;C:\Users\AndresMauricioEscoba\.m2\repository\net\bytebuddy\byte-buddy\1.10.1\byte-buddy-1.10.1.jar;C:\Users\AndresMauricioEscoba\.m2\repository\net\bytebuddy\byte-buddy-agent\1.10.1\byte-buddy-agent-1.10.1.jar;C:\Users\AndresMauricioEscoba\.m2\repository\com\google\guava\guava\25.0-jre\guava-25.0-jre.jar;C:\Users\AndresMauricioEscoba\.m2\repository\com\google\code\findbugs\jsr305\1.3.9\jsr305-1.3.9.jar;C:\Users\AndresMauricioEscoba\.m2\repository\org\checkerframework\checker-compat-qual\2.0.0\checker-compat-qual-2.0.0.jar;C:\Users\AndresMauricioEscoba\.m2\repository\com\google\errorprone\error_prone_annotations\2.1.3\error_prone_annotations-2.1.3.jar;C:\Users\AndresMauricioEscoba\.m2\repository\com\google\j2objc\j2objc-annotations\1.1\j2objc-annotations-1.1.jar;C:\Users\AndresMauricioEscoba\.m2\repository\org\codehaus\mojo\animal-sniffer-annotations\1.14\animal-sniffer-annotations-1.14.jar;C:\Users\AndresMauricioEscoba\.m2\repository\com\google\inject\guice\4.2.2\guice-4.2.2.jar;C:\Users\AndresMauricioEscoba\.m2\repository\javax\inject\javax.inject\1\javax.inject-1.jar;C:\Users\AndresMauricioEscoba\.m2\repository\aopalliance\aopalliance\1.0\aopalliance-1.0.jar;C:\Users\AndresMauricioEscoba\.m2\repository\org\ow2\asm\asm\7.2\asm-7.2.jar;C:\Users\AndresMauricioEscoba\.m2\repository\commons-codec\commons-codec\1.10\commons-codec-1.10.jar;C:\Users\AndresMauricioEscoba\.m2\repository\org\objenesis\objenesis\3.0.1\objenesis-3.0.1.jar;C:\Users\AndresMauricioEscoba\.m2\repository\xml-apis\xml-apis\1.4.01\xml-apis-1.4.01.jar;C:\Users\AndresMauricioEscoba\.m2\repository\commons-logging\commons-logging\1.2\commons-logging-1.2.jar;C:\Users\AndresMauricioEscoba\.m2\repository\io\vavr\vavr\0.9.0\vavr-0.9.0.jar;C:\Users\AndresMauricioEscoba\.m2\repository\io\vavr\vavr-match\0.9.0\vavr-match-0.9.0.jar;C:\Users\AndresMauricioEscoba\.m2\repository\javax\xml\bind\jaxb-api\2.2.12\jaxb-api-2.2.12.jar;C:\Users\AndresMauricioEscoba\.m2\repository\com\sun\xml\bind\jaxb-core\2.3.0.1\jaxb-core-2.3.0.1.jar;C:\Users\AndresMauricioEscoba\.m2\repository\com\sun\xml\bind\jaxb-impl\2.3.0.1\jaxb-impl-2.3.0.1.jar;C:\Users\AndresMauricioEscoba\.m2\repository\javax\activation\activation\1.1.1\activation-1.1.1.jar;C:\Users\AndresMauricioEscoba\.m2\repository\org\mockito\mockito-core\3.1.0\mockito-core-3.1.0.jar;C:\Users\AndresMauricioEscoba\.m2\repository\net\serenity-bdd\serenity-report-resources\2.0.91\serenity-report-resources-2.0.91.jar;C:\Users\AndresMauricioEscoba\.m2\repository\net\serenity-bdd\serenity-reports\2.0.91\serenity-reports-2.0.91.jar;C:\Users\AndresMauricioEscoba\.m2\repository\net\serenity-bdd\serenity-stats\2.0.91\serenity-stats-2.0.91.jar;C:\Users\AndresMauricioEscoba\.m2\repository\org\jetbrains\kotlin\kotlin-stdlib\1.3.31\kotlin-stdlib-1.3.31.jar;C:\Users\AndresMauricioEscoba\.m2\repository\org\jetbrains\kotlin\kotlin-stdlib-common\1.3.31\kotlin-stdlib-common-1.3.31.jar;C:\Users\AndresMauricioEscoba\.m2\repository\org\jetbrains\annotations\13.0\annotations-13.0.jar;C:\Users\AndresMauricioEscoba\.m2\repository\com\google\code\gson\gson\2.8.4\gson-2.8.4.jar;C:\Users\AndresMauricioEscoba\.m2\repository\commons-io\commons-io\2.6\commons-io-2.6.jar;C:\Users\AndresMauricioEscoba\.m2\repository\org\seleniumhq\selenium\selenium-server\3.141.59\selenium-server-3.141.59.jar;C:\Users\AndresMauricioEscoba\.m2\repository\org\seleniumhq\selenium\selenium-firefox-driver\3.141.59\selenium-firefox-driver-3.141.59.jar;C:\Users\AndresMauricioEscoba\.m2\repository\org\seleniumhq\selenium\selenium-ie-driver\3.141.59\selenium-ie-driver-3.141.59.jar;C:\Users\AndresMauricioEscoba\.m2\repository\com\beust\jcommander\1.72\jcommander-1.72.jar;C:\Users\AndresMauricioEscoba\.m2\repository\org\apache\commons\commons-exec\1.3\commons-exec-1.3.jar;C:\Users\AndresMauricioEscoba\.m2\repository\net\jcip\jcip-annotations\1.0\jcip-annotations-1.0.jar;C:\Users\AndresMauricioEscoba\.m2\repository\org\seleniumhq\selenium\jetty-repacked\9.4.12.v20180830\jetty-repacked-9.4.12.v20180830.jar;C:\Users\AndresMauricioEscoba\.m2\repository\com\squareup\okhttp3\okhttp\3.11.0\okhttp-3.11.0.jar;C:\Users\AndresMauricioEscoba\.m2\repository\com\squareup\okio\okio\1.14.0\okio-1.14.0.jar;C:\Users\AndresMauricioEscoba\.m2\repository\javax\servlet\javax.servlet-api\3.1.0\javax.servlet-api-3.1.0.jar;C:\Users\AndresMauricioEscoba\.m2\repository\org\yaml\snakeyaml\1.19\snakeyaml-1.19.jar;C:\Users\AndresMauricioEscoba\.m2\repository\org\seleniumhq\selenium\selenium-java\3.141.59\selenium-java-3.141.59.jar;C:\Users\AndresMauricioEscoba\.m2\repository\org\seleniumhq\selenium\selenium-api\3.141.59\selenium-api-3.141.59.jar;C:\Users\AndresMauricioEscoba\.m2\repository\org\seleniumhq\selenium\selenium-chrome-driver\3.141.59\selenium-chrome-driver-3.141.59.jar;C:\Users\AndresMauricioEscoba\.m2\repository\org\seleniumhq\selenium\selenium-edge-driver\3.141.59\selenium-edge-driver-3.141.59.jar;C:\Users\AndresMauricioEscoba\.m2\repository\org\seleniumhq\selenium\selenium-remote-driver\3.141.59\selenium-remote-driver-3.141.59.jar;C:\Users\AndresMauricioEscoba\.m2\repository\org\seleniumhq\selenium\selenium-safari-driver\3.141.59\selenium-safari-driver-3.141.59.jar;C:\Users\AndresMauricioEscoba\.m2\repository\org\seleniumhq\selenium\selenium-opera-driver\3.141.59\selenium-opera-driver-3.141.59.jar;C:\Users\AndresMauricioEscoba\.m2\repository\org\seleniumhq\selenium\selenium-support\3.141.59\selenium-support-3.141.59.jar;C:\Users\AndresMauricioEscoba\.m2\repository\com\paulhammant\ngwebdriver\1.1.4\ngwebdriver-1.1.4.jar;C:\Users\AndresMauricioEscoba\.m2\repository\com\codeborne\phantomjsdriver\1.4.4\phantomjsdriver-1.4.4.jar;C:\Users\AndresMauricioEscoba\.m2\repository\org\seleniumhq\selenium\htmlunit-driver\2.36.0\htmlunit-driver-2.36.0.jar;C:\Users\AndresMauricioEscoba\.m2\repository\io\appium\java-client\7.3.0\java-client-7.3.0.jar;C:\Users\AndresMauricioEscoba\.m2\repository\commons-validator\commons-validator\1.6\commons-validator-1.6.jar;C:\Users\AndresMauricioEscoba\.m2\repository\commons-beanutils\commons-beanutils\1.9.2\commons-beanutils-1.9.2.jar;C:\Users\AndresMauricioEscoba\.m2\repository\commons-digester\commons-digester\1.8.1\commons-digester-1.8.1.jar;C:\Users\AndresMauricioEscoba\.m2\repository\org\aspectj\aspectjweaver\1.9.4\aspectjweaver-1.9.4.jar;C:\Users\AndresMauricioEscoba\.m2\repository\org\springframework\spring-context-support\5.1.2.RELEASE\spring-context-support-5.1.2.RELEASE.jar;C:\Users\AndresMauricioEscoba\.m2\repository\org\springframework\spring-beans\5.1.2.RELEASE\spring-beans-5.1.2.RELEASE.jar;C:\Users\AndresMauricioEscoba\.m2\repository\org\springframework\spring-context\5.1.2.RELEASE\spring-context-5.1.2.RELEASE.jar;C:\Users\AndresMauricioEscoba\.m2\repository\org\springframework\spring-aop\5.1.2.RELEASE\spring-aop-5.1.2.RELEASE.jar;C:\Users\AndresMauricioEscoba\.m2\repository\org\springframework\spring-expression\5.1.2.RELEASE\spring-expression-5.1.2.RELEASE.jar;C:\Users\AndresMauricioEscoba\.m2\repository\org\springframework\spring-core\5.1.2.RELEASE\spring-core-5.1.2.RELEASE.jar;C:\Users\AndresMauricioEscoba\.m2\repository\org\springframework\spring-jcl\5.1.2.RELEASE\spring-jcl-5.1.2.RELEASE.jar;C:\Users\AndresMauricioEscoba\.m2\repository\org\codehaus\groovy\groovy\2.5.5\groovy-2.5.5.jar;C:\Users\AndresMauricioEscoba\.m2\repository\net\sf\opencsv\opencsv\2.0\opencsv-2.0.jar;C:\Users\AndresMauricioEscoba\.m2\repository\commons-beanutils\commons-beanutils-core\1.8.3\commons-beanutils-core-1.8.3.jar;C:\Users\AndresMauricioEscoba\.m2\repository\joda-time\joda-time\2.7\joda-time-2.7.jar;C:\Users\AndresMauricioEscoba\.m2\repository\com\thoughtworks\xstream\xstream\1.4.9\xstream-1.4.9.jar;C:\Users\AndresMauricioEscoba\.m2\repository\xmlpull\xmlpull\1.1.3.1\xmlpull-1.1.3.1.jar;C:\Users\AndresMauricioEscoba\.m2\repository\xpp3\xpp3_min\1.1.4c\xpp3_min-1.1.4c.jar;C:\Users\AndresMauricioEscoba\.m2\repository\org\apache\commons\commons-lang3\3.8.1\commons-lang3-3.8.1.jar;C:\Users\AndresMauricioEscoba\.m2\repository\commons-collections\commons-collections\3.2.2\commons-collections-3.2.2.jar;C:\Users\AndresMauricioEscoba\.m2\repository\org\freemarker\freemarker\2.3.28\freemarker-2.3.28.jar;C:\Users\AndresMauricioEscoba\.m2\repository\net\sourceforge\jexcelapi\jxl\2.6.12\jxl-2.6.12.jar;C:\Users\AndresMauricioEscoba\.m2\repository\org\hamcrest\hamcrest-core\1.3\hamcrest-core-1.3.jar;C:\Users\AndresMauricioEscoba\.m2\repository\org\hamcrest\hamcrest-library\1.3\hamcrest-library-1.3.jar;C:\Users\AndresMauricioEscoba\.m2\repository\net\sourceforge\htmlunit\htmlunit\2.36.0\htmlunit-2.36.0.jar;C:\Users\AndresMauricioEscoba\.m2\repository\net\sourceforge\htmlunit\htmlunit-core-js\2.36.0\htmlunit-core-js-2.36.0.jar;C:\Users\AndresMauricioEscoba\.m2\repository\net\sourceforge\htmlunit\neko-htmlunit\2.36.0\neko-htmlunit-2.36.0.jar;C:\Users\AndresMauricioEscoba\.m2\repository\xerces\xercesImpl\2.12.0\xercesImpl-2.12.0.jar;C:\Users\AndresMauricioEscoba\.m2\repository\net\sourceforge\htmlunit\htmlunit-cssparser\1.5.0\htmlunit-cssparser-1.5.0.jar;C:\Users\AndresMauricioEscoba\.m2\repository\org\brotli\dec\0.1.2\dec-0.1.2.jar;C:\Users\AndresMauricioEscoba\.m2\repository\org\eclipse\jetty\websocket\websocket-client\9.4.20.v20190813\websocket-client-9.4.20.v20190813.jar;C:\Users\AndresMauricioEscoba\.m2\repository\org\eclipse\jetty\jetty-client\9.4.20.v20190813\jetty-client-9.4.20.v20190813.jar;C:\Users\AndresMauricioEscoba\.m2\repository\org\eclipse\jetty\jetty-http\9.4.20.v20190813\jetty-http-9.4.20.v20190813.jar;C:\Users\AndresMauricioEscoba\.m2\repository\org\eclipse\jetty\jetty-xml\9.4.20.v20190813\jetty-xml-9.4.20.v20190813.jar;C:\Users\AndresMauricioEscoba\.m2\repository\org\eclipse\jetty\jetty-util\9.4.20.v20190813\jetty-util-9.4.20.v20190813.jar;C:\Users\AndresMauricioEscoba\.m2\repository\org\eclipse\jetty\jetty-io\9.4.20.v20190813\jetty-io-9.4.20.v20190813.jar;C:\Users\AndresMauricioEscoba\.m2\repository\org\eclipse\jetty\websocket\websocket-common\9.4.20.v20190813\websocket-common-9.4.20.v20190813.jar;C:\Users\AndresMauricioEscoba\.m2\repository\org\eclipse\jetty\websocket\websocket-api\9.4.20.v20190813\websocket-api-9.4.20.v20190813.jar;C:\Users\AndresMauricioEscoba\.m2\repository\org\apache\httpcomponents\httpclient\4.5.5\httpclient-4.5.5.jar;C:\Users\AndresMauricioEscoba\.m2\repository\org\apache\httpcomponents\httpcore\4.4.9\httpcore-4.4.9.jar;C:\Users\AndresMauricioEscoba\.m2\repository\org\apache\httpcomponents\httpmime\4.5.5\httpmime-4.5.5.jar;C:\Users\AndresMauricioEscoba\.m2\repository\org\fluentlenium\fluentlenium-core\0.10.2\fluentlenium-core-0.10.2.jar;C:\Users\AndresMauricioEscoba\.m2\repository\com\jhlabs\filters\2.0.235\filters-2.0.235.jar;C:\Users\AndresMauricioEscoba\.m2\repository\org\asciidoctor\asciidoctorj\1.5.6\asciidoctorj-1.5.6.jar;C:\Users\AndresMauricioEscoba\.m2\repository\org\jruby\jruby-complete\1.7.26\jruby-complete-1.7.26.jar;C:\Users\AndresMauricioEscoba\.m2\repository\org\imgscalr\imgscalr-lib\4.2\imgscalr-lib-4.2.jar;C:\Users\AndresMauricioEscoba\.m2\repository\javax\el\javax.el-api\2.2.4\javax.el-api-2.2.4.jar;C:\Users\AndresMauricioEscoba\.m2\repository\org\glassfish\web\javax.el\2.2.4\javax.el-2.2.4.jar;C:\Users\AndresMauricioEscoba\.m2\repository\xalan\xalan\2.7.2\xalan-2.7.2.jar;C:\Users\AndresMauricioEscoba\.m2\repository\xalan\serializer\2.7.2\serializer-2.7.2.jar;C:\Users\AndresMauricioEscoba\.m2\repository\org\awaitility\awaitility\4.0.1\awaitility-4.0.1.jar;C:\Users\AndresMauricioEscoba\.m2\repository\org\hamcrest\hamcrest\2.1\hamcrest-2.1.jar;C:\Users\AndresMauricioEscoba\.m2\repository\com\typesafe\config\1.3.1\config-1.3.1.jar;C:\Users\AndresMauricioEscoba\.m2\repository\org\jsoup\jsoup\1.10.3\jsoup-1.10.3.jar;C:\Users\AndresMauricioEscoba\.m2\repository\com\google\jimfs\jimfs\1.1\jimfs-1.1.jar;C:\Users\AndresMauricioEscoba\.m2\repository\com\vladsch\flexmark\flexmark-all\0.34.30\flexmark-all-0.34.30.jar;C:\Users\AndresMauricioEscoba\.m2\repository\com\vladsch\flexmark\flexmark\0.34.30\flexmark-0.34.30.jar;C:\Users\AndresMauricioEscoba\.m2\repository\com\vladsch\flexmark\flexmark-ext-abbreviation\0.34.30\flexmark-ext-abbreviation-0.34.30.jar;C:\Users\AndresMauricioEscoba\.m2\repository\com\vladsch\flexmark\flexmark-ext-admonition\0.34.30\flexmark-ext-admonition-0.34.30.jar;C:\Users\AndresMauricioEscoba\.m2\repository\com\vladsch\flexmark\flexmark-ext-anchorlink\0.34.30\flexmark-ext-anchorlink-0.34.30.jar;C:\Users\AndresMauricioEscoba\.m2\repository\com\vladsch\flexmark\flexmark-ext-aside\0.34.30\flexmark-ext-aside-0.34.30.jar;C:\Users\AndresMauricioEscoba\.m2\repository\com\vladsch\flexmark\flexmark-ext-attributes\0.34.30\flexmark-ext-attributes-0.34.30.jar;C:\Users\AndresMauricioEscoba\.m2\repository\com\vladsch\flexmark\flexmark-ext-autolink\0.34.30\flexmark-ext-autolink-0.34.30.jar;C:\Users\AndresMauricioEscoba\.m2\repository\org\nibor\autolink\autolink\0.6.0\autolink-0.6.0.jar;C:\Users\AndresMauricioEscoba\.m2\repository\com\vladsch\flexmark\flexmark-ext-definition\0.34.30\flexmark-ext-definition-0.34.30.jar;C:\Users\AndresMauricioEscoba\.m2\repository\com\vladsch\flexmark\flexmark-ext-emoji\0.34.30\flexmark-ext-emoji-0.34.30.jar;C:\Users\AndresMauricioEscoba\.m2\repository\com\vladsch\flexmark\flexmark-ext-enumerated-reference\0.34.30\flexmark-ext-enumerated-reference-0.34.30.jar;C:\Users\AndresMauricioEscoba\.m2\repository\com\vladsch\flexmark\flexmark-ext-escaped-character\0.34.30\flexmark-ext-escaped-character-0.34.30.jar;C:\Users\AndresMauricioEscoba\.m2\repository\com\vladsch\flexmark\flexmark-ext-footnotes\0.34.30\flexmark-ext-footnotes-0.34.30.jar;C:\Users\AndresMauricioEscoba\.m2\repository\com\vladsch\flexmark\flexmark-ext-gfm-issues\0.34.30\flexmark-ext-gfm-issues-0.34.30.jar;C:\Users\AndresMauricioEscoba\.m2\repository\com\vladsch\flexmark\flexmark-ext-gfm-strikethrough\0.34.30\flexmark-ext-gfm-strikethrough-0.34.30.jar;C:\Users\AndresMauricioEscoba\.m2\repository\com\vladsch\flexmark\flexmark-ext-gfm-tables\0.34.30\flexmark-ext-gfm-tables-0.34.30.jar;C:\Users\AndresMauricioEscoba\.m2\repository\com\vladsch\flexmark\flexmark-ext-gfm-tasklist\0.34.30\flexmark-ext-gfm-tasklist-0.34.30.jar;C:\Users\AndresMauricioEscoba\.m2\repository\com\vladsch\flexmark\flexmark-ext-gfm-users\0.34.30\flexmark-ext-gfm-users-0.34.30.jar;C:\Users\AndresMauricioEscoba\.m2\repository\com\vladsch\flexmark\flexmark-ext-gitlab\0.34.30\flexmark-ext-gitlab-0.34.30.jar;C:\Users\AndresMauricioEscoba\.m2\repository\com\vladsch\flexmark\flexmark-ext-jekyll-front-matter\0.34.30\flexmark-ext-jekyll-front-matter-0.34.30.jar;C:\Users\AndresMauricioEscoba\.m2\repository\com\vladsch\flexmark\flexmark-ext-jekyll-tag\0.34.30\flexmark-ext-jekyll-tag-0.34.30.jar;C:\Users\AndresMauricioEscoba\.m2\repository\com\vladsch\flexmark\flexmark-ext-media-tags\0.34.30\flexmark-ext-media-tags-0.34.30.jar;C:\Users\AndresMauricioEscoba\.m2\repository\com\vladsch\flexmark\flexmark-test-util\0.34.30\flexmark-test-util-0.34.30.jar;C:\Users\AndresMauricioEscoba\.m2\repository\com\vladsch\flexmark\flexmark-ext-ins\0.34.30\flexmark-ext-ins-0.34.30.jar;C:\Users\AndresMauricioEscoba\.m2\repository\com\vladsch\flexmark\flexmark-ext-xwiki-macros\0.34.30\flexmark-ext-xwiki-macros-0.34.30.jar;C:\Users\AndresMauricioEscoba\.m2\repository\com\vladsch\flexmark\flexmark-ext-superscript\0.34.30\flexmark-ext-superscript-0.34.30.jar;C:\Users\AndresMauricioEscoba\.m2\repository\com\vladsch\flexmark\flexmark-ext-tables\0.34.30\flexmark-ext-tables-0.34.30.jar;C:\Users\AndresMauricioEscoba\.m2\repository\com\vladsch\flexmark\flexmark-ext-toc\0.34.30\flexmark-ext-toc-0.34.30.jar;C:\Users\AndresMauricioEscoba\.m2\repository\com\vladsch\flexmark\flexmark-ext-typographic\0.34.30\flexmark-ext-typographic-0.34.30.jar;C:\Users\AndresMauricioEscoba\.m2\repository\com\vladsch\flexmark\flexmark-ext-wikilink\0.34.30\flexmark-ext-wikilink-0.34.30.jar;C:\Users\AndresMauricioEscoba\.m2\repository\com\vladsch\flexmark\flexmark-ext-yaml-front-matter\0.34.30\flexmark-ext-yaml-front-matter-0.34.30.jar;C:\Users\AndresMauricioEscoba\.m2\repository\com\vladsch\flexmark\flexmark-ext-youtube-embedded\0.34.30\flexmark-ext-youtube-embedded-0.34.30.jar;C:\Users\AndresMauricioEscoba\.m2\repository\com\vladsch\flexmark\flexmark-formatter\0.34.30\flexmark-formatter-0.34.30.jar;C:\Users\AndresMauricioEscoba\.m2\repository\com\vladsch\flexmark\flexmark-html-parser\0.34.30\flexmark-html-parser-0.34.30.jar;C:\Users\AndresMauricioEscoba\.m2\repository\com\vladsch\flexmark\flexmark-jira-converter\0.34.30\flexmark-jira-converter-0.34.30.jar;C:\Users\AndresMauricioEscoba\.m2\repository\com\vladsch\flexmark\flexmark-pdf-converter\0.34.30\flexmark-pdf-converter-0.34.30.jar;C:\Users\AndresMauricioEscoba\.m2\repository\com\openhtmltopdf\openhtmltopdf-core\0.0.1-RC13\openhtmltopdf-core-0.0.1-RC13.jar;C:\Users\AndresMauricioEscoba\.m2\repository\com\openhtmltopdf\openhtmltopdf-pdfbox\0.0.1-RC13\openhtmltopdf-pdfbox-0.0.1-RC13.jar;C:\Users\AndresMauricioEscoba\.m2\repository\org\apache\pdfbox\pdfbox\2.0.8\pdfbox-2.0.8.jar;C:\Users\AndresMauricioEscoba\.m2\repository\org\apache\pdfbox\fontbox\2.0.8\fontbox-2.0.8.jar;C:\Users\AndresMauricioEscoba\.m2\repository\org\apache\pdfbox\xmpbox\2.0.8\xmpbox-2.0.8.jar;C:\Users\AndresMauricioEscoba\.m2\repository\de\rototor\pdfbox\graphics2d\0.12\graphics2d-0.12.jar;C:\Users\AndresMauricioEscoba\.m2\repository\com\openhtmltopdf\openhtmltopdf-rtl-support\0.0.1-RC13\openhtmltopdf-rtl-support-0.0.1-RC13.jar;C:\Users\AndresMauricioEscoba\.m2\repository\com\ibm\icu\icu4j\59.1\icu4j-59.1.jar;C:\Users\AndresMauricioEscoba\.m2\repository\com\openhtmltopdf\openhtmltopdf-jsoup-dom-converter\0.0.1-RC13\openhtmltopdf-jsoup-dom-converter-0.0.1-RC13.jar;C:\Users\AndresMauricioEscoba\.m2\repository\com\vladsch\flexmark\flexmark-profile-pegdown\0.34.30\flexmark-profile-pegdown-0.34.30.jar;C:\Users\AndresMauricioEscoba\.m2\repository\com\vladsch\flexmark\flexmark-util\0.34.30\flexmark-util-0.34.30.jar;C:\Users\AndresMauricioEscoba\.m2\repository\com\vladsch\flexmark\flexmark-youtrack-converter\0.34.30\flexmark-youtrack-converter-0.34.30.jar;C:\Users\AndresMauricioEscoba\.m2\repository\io\cucumber\cucumber-core\4.8.0\cucumber-core-4.8.0.jar;C:\Users\AndresMauricioEscoba\.m2\repository\io\cucumber\gherkin\5.1.0\gherkin-5.1.0.jar;C:\Users\AndresMauricioEscoba\.m2\repository\io\cucumber\tag-expressions\1.1.1\tag-expressions-1.1.1.jar;C:\Users\AndresMauricioEscoba\.m2\repository\io\cucumber\cucumber-expressions\7.0.2\cucumber-expressions-7.0.2.jar;C:\Users\AndresMauricioEscoba\.m2\repository\org\apiguardian\apiguardian-api\1.1.0\apiguardian-api-1.1.0.jar;C:\Users\AndresMauricioEscoba\.m2\repository\io\cucumber\cucumber-java\4.8.0\cucumber-java-4.8.0.jar;C:\Users\AndresMauricioEscoba\.m2\repository\org\projectlombok\lombok\1.18.20\lombok-1.18.20.jar;C:\Users\AndresMauricioEscoba\.m2\repository\io\cucumber\cucumber-junit\4.8.0\cucumber-junit-4.8.0.jar;C:\Users\AndresMauricioEscoba\.m2\repository\junit\junit\4.12\junit-4.12.jar;C:\Users\AndresMauricioEscoba\.m2\repository\net\serenity-bdd\serenity-junit\2.0.91\serenity-junit-2.0.91.jar;C:\Users\AndresMauricioEscoba\.m2\repository\net\serenity-bdd\serenity-screenplay\2.0.91\serenity-screenplay-2.0.91.jar;C:\Users\AndresMauricioEscoba\.m2\repository\net\serenity-bdd\serenity-screenplay-webdriver\2.0.91\serenity-screenplay-webdriver-2.0.91.jar;C:\Users\AndresMauricioEscoba\.m2\repository\net\serenity-bdd\serenity-cucumber4\2.1.2\serenity-cucumber4-2.1.2.jar;C:\Users\AndresMauricioEscoba\.m2\repository\io\cucumber\datatable-matchers\1.1.14\datatable-matchers-1.1.14.jar;C:\Users\AndresMauricioEscoba\.m2\repository\org\apache\commons\commons-csv\1.5\commons-csv-1.5.jar;C:\Users\AndresMauricioEscoba\.m2\repository\org\assertj\assertj-core\3.6.2\assertj-core-3.6.2.jar;C:\Users\AndresMauricioEscoba\.m2\repository\org\hamcrest\hamcrest-all\1.3\hamcrest-all-1.3.jar;C:\Users\AndresMauricioEscoba\.m2\repository\io\cucumber\datatable\3.5.0\datatable-3.5.0.jar;C:\Users\AndresMauricioEscoba\.m2\repository\net\serenity-bdd\serenity-model\2.0.91\serenity-model-2.0.91.jar;C:\Users\AndresMauricioEscoba\.m2\repository\commons-net\commons-net\3.6\commons-net-3.6.jar;C:\Users\AndresMauricioEscoba\.m2\repository\org\apache\commons\commons-text\1.6\commons-text-1.6.jar;C:\Users\AndresMauricioEscoba\.m2\repository\es\nitaur\markdown\txtmark\0.16\txtmark-0.16.jar;"/>
    <property name="sun.cpu.endian" value="little"/>
    <property name="user.home" value="C:\Users\AndresMauricioEscoba"/>
    <property name="user.language" value="es"/>
    <property name="java.specification.vendor" value="Oracle Corporation"/>
    <property name="java.home" value="C:\Program Files\Java\jdk1.8.0_291\jre"/>
    <property name="basedir" value="C:\Users\AndresMauricioEscoba\Desktop\JavaProjects\BringRyanair"/>
    <property name="file.separator" value="\"/>
    <property name="line.separator" value="&#10;"/>
    <property name="java.vm.specification.vendor" value="Oracle Corporation"/>
    <property name="java.specification.name" value="Java Platform API Specification"/>
    <property name="java.awt.graphicsenv" value="sun.awt.Win32GraphicsEnvironment"/>
    <property name="surefire.real.class.path" value="C:\Users\ANDRES~1\AppData\Local\Temp\surefire6541794503526025035\surefirebooter1794993701140826013.jar"/>
    <property name="sun.boot.class.path" value="C:\Program Files\Java\jdk1.8.0_291\jre\lib\resources.jar;C:\Program Files\Java\jdk1.8.0_291\jre\lib\rt.jar;C:\Program Files\Java\jdk1.8.0_291\jre\lib\sunrsasign.jar;C:\Program Files\Java\jdk1.8.0_291\jre\lib\jsse.jar;C:\Program Files\Java\jdk1.8.0_291\jre\lib\jce.jar;C:\Program Files\Java\jdk1.8.0_291\jre\lib\charsets.jar;C:\Program Files\Java\jdk1.8.0_291\jre\lib\jfr.jar;C:\Program Files\Java\jdk1.8.0_291\jre\classes"/>
    <property name="user.script" value=""/>
    <property name="java.protocol.handler.pkgs" value="com.google.common"/>
    <property name="sun.management.compiler" value="HotSpot 64-Bit Tiered Compilers"/>
    <property name="java.runtime.version" value="1.8.0_291-b10"/>
    <property name="user.name" value="AndresMauricioEscoba"/>
    <property name="path.separator" value=";"/>
    <property name="os.version" value="10.0"/>
    <property name="java.endorsed.dirs" value="C:\Program Files\Java\jdk1.8.0_291\jre\lib\endorsed"/>
    <property name="java.runtime.name" value="Java(TM) SE Runtime Environment"/>
    <property name="file.encoding" value="Cp1252"/>
    <property name="webdriver.base.url" value=""/>
    <property name="java.vm.name" value="Java HotSpot(TM) 64-Bit Server VM"/>
    <property name="localRepository" value="C:\Users\AndresMauricioEscoba\.m2\repository"/>
    <property name="java.vendor.url.bug" value="http://bugreport.sun.com/bugreport/"/>
    <property name="java.io.tmpdir" value="C:\Users\ANDRES~1\AppData\Local\Temp\"/>
    <property name="java.version" value="1.8.0_291"/>
    <property name="user.dir" value="C:\Users\AndresMauricioEscoba\Desktop\JavaProjects\BringRyanair"/>
    <property name="os.arch" value="amd64"/>
    <property name="java.vm.specification.name" value="Java Virtual Machine Specification"/>
    <property name="java.awt.printerjob" value="sun.awt.windows.WPrinterJob"/>
    <property name="sun.os.patch.level" value=""/>
    <property name="java.library.path" value="C:\Program Files\Java\jdk1.8.0_291\jre\bin;C:\WINDOWS\Sun\Java\bin;C:\WINDOWS\system32;C:\WINDOWS;C:\Program Files\Common Files\Oracle\Java\javapath;C:\Program Files (x86)\Common Files\Oracle\Java\javapath;C:\Program Files (x86)\Parallels\Parallels Tools\Applications;C:\WINDOWS\system32;C:\WINDOWS;C:\WINDOWS\System32\Wbem;C:\WINDOWS\System32\WindowsPowerShell\v1.0\;C:\WINDOWS\System32\OpenSSH\;C:\Program Files\dotnet\;C:\Program Files\Microsoft SQL Server\130\Tools\Binn\;C:\Program Files\Microsoft SQL Server\Client SDK\ODBC\170\Tools\Binn\;C:\Program Files\Java\jdk1.8.0_291\bin;C:\Maven\apache-maven-3.8.1\bin;C:\Program Files\Git\cmd;C:\Users\AndresMauricioEscoba\AppData\Local\Microsoft\WindowsApps;C:\Users\AndresMauricioEscoba\.dotnet\tools;C:\Program Files\JetBrains\IntelliJ IDEA Community Edition 2021.1\bin;;C:\Program Files\Java\jdk1.8.0_291\bin;C:\Maven\apache-maven-3.8.1\bin;;."/>
    <property name="java.vm.info" value="mixed mode"/>
    <property name="java.vendor" value="Oracle Corporation"/>
    <property name="java.vm.version" value="25.291-b10"/>
    <property name="java.ext.dirs" value="C:\Program Files\Java\jdk1.8.0_291\jre\lib\ext;C:\WINDOWS\Sun\Java\lib\ext"/>
    <property name="sun.io.unicode.encoding" value="UnicodeLittle"/>
    <property name="java.class.version" value="52.0"/>
  </properties>
  <testcase name="EMPTY_NAME" classname="Book Flights on Ryanair.com" time="61.801">
    <error message="element click intercepted: Element &lt;button _ngcontent-ryanair-seats-c98=&quot;&quot; id=&quot;seat-09D&quot; class=&quot;ng-star-inserted seatmap__seat seatmap__seat--selected&quot;&gt;...&lt;/button&gt; is not clickable at point (748, 20). Other element would receive the click: &lt;div _ngcontent-ryanair-seats-c34=&quot;&quot; class=&quot;header__center&quot;&gt;&lt;/div&gt;&#10;  (Session info: chrome=91.0.4472.77)&#10;Build info: version: &apos;3.141.59&apos;, revision: &apos;e82be7d358&apos;, time: &apos;2018-11-14T08:17:03&apos;&#10;System info: host: &apos;DESKTOP-FS5PVBN&apos;, ip: &apos;10.211.55.4&apos;, os.name: &apos;Windows 10&apos;, os.arch: &apos;amd64&apos;, os.version: &apos;10.0&apos;, java.version: &apos;1.8.0_291&apos;&#10;Driver info: org.openqa.selenium.chrome.ChromeDriver&#10;Capabilities {acceptInsecureCerts: false, browserName: chrome, browserVersion: 91.0.4472.77, chrome: {chromedriverVersion: 90.0.4430.24 (4c6d850f087da..., userDataDir: C:\Users\ANDRES~1\AppData\L...}, goog:chromeOptions: {debuggerAddress: localhost:60590}, javascriptEnabled: true, networkConnectionEnabled: false, pageLoadStrategy: normal, platform: WINDOWS, platformName: WINDOWS, proxy: Proxy(), setWindowRect: true, strictFileInteractability: false, timeouts: {implicit: 0, pageLoad: 300000, script: 30000}, unhandledPromptBehavior: dismiss and notify, webauthn:extension:largeBlob: true, webauthn:virtualAuthenticators: true}&#10;Session ID: d49fc589a7c1c049cb95a6759aeef5a2" type="org.openqa.selenium.ElementClickInterceptedException"><![CDATA[org.openqa.selenium.ElementClickInterceptedException: 
element click intercepted: Element <button _ngcontent-ryanair-seats-c98="" id="seat-09D" class="ng-star-inserted seatmap__seat seatmap__seat--selected">...</button> is not clickable at point (748, 20). Other element would receive the click: <div _ngcontent-ryanair-seats-c34="" class="header__center"></div>
  (Session info: chrome=91.0.4472.77)
Build info: version: '3.141.59', revision: 'e82be7d358', time: '2018-11-14T08:17:03'
System info: host: 'DESKTOP-FS5PVBN', ip: '10.211.55.4', os.name: 'Windows 10', os.arch: 'amd64', os.version: '10.0', java.version: '1.8.0_291'
Driver info: org.openqa.selenium.chrome.ChromeDriver
Capabilities {acceptInsecureCerts: false, browserName: chrome, browserVersion: 91.0.4472.77, chrome: {chromedriverVersion: 90.0.4430.24 (4c6d850f087da..., userDataDir: C:\Users\ANDRES~1\AppData\L...}, goog:chromeOptions: {debuggerAddress: localhost:60590}, javascriptEnabled: true, networkConnectionEnabled: false, pageLoadStrategy: normal, platform: WINDOWS, platformName: WINDOWS, proxy: Proxy(), setWindowRect: true, strictFileInteractability: false, timeouts: {implicit: 0, pageLoad: 300000, script: 30000}, unhandledPromptBehavior: dismiss and notify, webauthn:extension:largeBlob: true, webauthn:virtualAuthenticators: true}
Session ID: d49fc589a7c1c049cb95a6759aeef5a2
]]></error>
    <system-out><![CDATA[22:14:37.075 [main] DEBUG n.t.c.u.PropertiesFileLocalPreferences - LOADING LOCAL PROPERTIES FROM C:\Users\AndresMauricioEscoba\Desktop\JavaProjects\BringRyanair\serenity.properties 
22:14:37.153 [main] DEBUG n.t.c.u.PropertiesFileLocalPreferences - LOADING LOCAL PROPERTIES FROM C:\Users\AndresMauricioEscoba\Desktop\JavaProjects\BringRyanair\serenity.properties 
22:14:37.153 [main] DEBUG n.t.c.u.PropertiesFileLocalPreferences - LOADING LOCAL PROPERTIES FROM C:\Users\AndresMauricioEscoba\Desktop\JavaProjects\BringRyanair\serenity.properties 
22:14:37.170 [main] DEBUG n.t.c.u.PropertiesFileLocalPreferences - webdriver.driver=chrome
22:14:37.170 [main] DEBUG n.t.c.u.PropertiesFileLocalPreferences - webdriver.chrome.driver=C://chromedriver.exe
22:14:37.170 [main] DEBUG n.t.c.u.PropertiesFileLocalPreferences - feature.file.encoding=UTF-8
22:14:37.170 [main] DEBUG n.t.c.u.PropertiesFileLocalPreferences - serenity.report.encoding=UTF-8
22:14:37.170 [main] DEBUG n.t.c.u.PropertiesFileLocalPreferences - serenity.dry.run=false
22:14:37.170 [main] DEBUG n.t.c.u.PropertiesFileLocalPreferences - chrome.switches=--start-maximized
22:14:37.170 [main] DEBUG n.t.c.u.PropertiesFileLocalPreferences - serenity.verbose.steps=FALSE
22:14:37.170 [main] DEBUG n.t.c.u.PropertiesFileLocalPreferences - serenity.compress.filenames=false
22:14:37.170 [main] DEBUG n.t.c.u.PropertiesFileLocalPreferences - serenity.console.colors=true
22:14:37.170 [main] DEBUG n.t.c.u.PropertiesFileLocalPreferences - serenity.project.name=Automation Project - Bring - Book Flights
22:14:37.170 [main] DEBUG n.t.c.u.PropertiesFileLocalPreferences - webdriver.timeouts.implicitlywait=10000
22:14:37.170 [main] DEBUG n.t.c.u.PropertiesFileLocalPreferences - serenity.take.screenshots=AFTER_EACH_STEP
22:14:37.325 [pool-1-thread-1] DEBUG n.t.c.u.PropertiesFileLocalPreferences - LOADING LOCAL PROPERTIES FROM C:\Users\AndresMauricioEscoba\Desktop\JavaProjects\BringRyanair\serenity.properties 
22:14:37.341 [pool-1-thread-1] DEBUG n.t.c.u.PropertiesFileLocalPreferences - LOADING LOCAL PROPERTIES FROM C:\Users\AndresMauricioEscoba\Desktop\JavaProjects\BringRyanair\serenity.properties 
22:14:37.341 [pool-1-thread-1] DEBUG n.t.c.u.PropertiesFileLocalPreferences - LOADING LOCAL PROPERTIES FROM C:\Users\AndresMauricioEscoba\Desktop\JavaProjects\BringRyanair\serenity.properties 
22:14:37.341 [pool-1-thread-1] DEBUG n.t.c.u.PropertiesFileLocalPreferences - webdriver.driver=chrome
22:14:37.341 [pool-1-thread-1] DEBUG n.t.c.u.PropertiesFileLocalPreferences - webdriver.chrome.driver=C://chromedriver.exe
22:14:37.341 [pool-1-thread-1] DEBUG n.t.c.u.PropertiesFileLocalPreferences - feature.file.encoding=UTF-8
22:14:37.341 [pool-1-thread-1] DEBUG n.t.c.u.PropertiesFileLocalPreferences - serenity.report.encoding=UTF-8
22:14:37.341 [pool-1-thread-1] DEBUG n.t.c.u.PropertiesFileLocalPreferences - serenity.dry.run=false
22:14:37.341 [pool-1-thread-1] DEBUG n.t.c.u.PropertiesFileLocalPreferences - chrome.switches=--start-maximized
22:14:37.341 [pool-1-thread-1] DEBUG n.t.c.u.PropertiesFileLocalPreferences - serenity.verbose.steps=FALSE
22:14:37.341 [pool-1-thread-1] DEBUG n.t.c.u.PropertiesFileLocalPreferences - serenity.compress.filenames=false
22:14:37.341 [pool-1-thread-1] DEBUG n.t.c.u.PropertiesFileLocalPreferences - serenity.console.colors=true
22:14:37.341 [pool-1-thread-1] DEBUG n.t.c.u.PropertiesFileLocalPreferences - serenity.project.name=Automation Project - Bring - Book Flights
22:14:37.341 [pool-1-thread-1] DEBUG n.t.c.u.PropertiesFileLocalPreferences - webdriver.timeouts.implicitlywait=10000
22:14:37.341 [pool-1-thread-1] DEBUG n.t.c.u.PropertiesFileLocalPreferences - serenity.take.screenshots=AFTER_EACH_STEP
22:14:37.341 [pool-1-thread-1] INFO  n.t.c.steps.ConsoleLoggingListener - &amp#27;[96m

-------------------------------------------------------------------------------------
     _______. _______ .______       _______ .__   __.  __  .___________.____    ____ 
    /       ||   ____||   _  \     |   ____||  \ |  | |  | |           |\   \  /   / 
   |   (----`|  |__   |  |_)  |    |  |__   |   \|  | |  | `---|  |----` \   \/   /  
    \   \    |   __|  |      /     |   __|  |  . `  | |  |     |  |       \_    _/   
.----)   |   |  |____ |  |\  \----.|  |____ |  |\   | |  |     |  |         |  |     
|_______/    |_______|| _| `._____||_______||__| \__| |__|     |__|         |__|    
                                                                                     
 News and tutorials at http://www.serenity-bdd.info                                  
 Documentation at https://wakaleo.gitbooks.io/the-serenity-book/content/             
 Join the Serenity Community on Rocket Chat at https://serenity-bdd.rocket.chat      
 Serenity BDD Support and Training at http://serenity-bdd.info/#/trainingandsupport  
 Learn Serenity BDD online at http://serenity-dojo.com                               
-------------------------------------------------------------------------------------
&amp#27;[0m
22:14:37.356 [pool-1-thread-1] DEBUG n.thucydides.core.steps.StepEventBus - Test suite started for story net.thucydides.core.model.Story@3a35f52e
22:14:37.356 [pool-1-thread-1] INFO  n.t.c.steps.ConsoleLoggingListener - Test Suite Started: Book Flights on Ryanair.com
jun 05, 2021 10:14:37 PM cucumber.runtime.java.ObjectFactoryLoader loadSingleObjectFactory
ADVERTENCIA: Loading deprecated ObjectFactory from runtime via reflection: cucumber.runtime.SerenityObjectFactory
22:15:40.085 [pool-1-thread-1] ERROR n.t.c.steps.ConsoleLoggingListener - &amp#27;[91m
           __  _____ _____ ____ _____   _____ _    ___ _     _____ ____  
  _       / / |_   _| ____/ ___|_   _| |  ___/ \  |_ _| |   | ____|  _ \ 
 (_)_____| |    | | |  _| \___ \ | |   | |_ / _ \  | || |   |  _| | | | |
  _|_____| |    | | | |___ ___) || |   |  _/ ___ \ | || |___| |___| |_| |
 (_)     | |    |_| |_____|____/ |_|   |_|/_/   \_\___|_____|_____|____/ 
          \_\                                                            

TEST FAILED WITH ERROR: 
---------------------------------------------------------------------&amp#27;[0m
22:15:40.085 [pool-1-thread-1] DEBUG n.t.c.steps.ConsoleLoggingListener - RELATED ISSUES: 
22:15:40.148 [pool-1-thread-1] ERROR n.t.c.steps.ConsoleLoggingListener - &amp#27;[91mTEST FAILED AT STEP Selection desired seats: [[Seats], [09D], [09E], [09F]]&amp#27;[0m
22:15:40.148 [pool-1-thread-1] ERROR n.t.c.steps.ConsoleLoggingListener - element click intercepted: Element <button _ngcontent-ryanair-seats-c98="" id="seat-09D" class="ng-star-inserted seatmap__seat seatmap__seat--selected">...</button> is not clickable at point (748, 20). Other element would receive the click: <div _ngcontent-ryanair-seats-c34="" class="header__center"></div>
@BookFlights
Feature: Book Flights on Ryanair.com

  @BookFlights
  Scenario:                                                           &amp#27;[90m# src/test/resources/features/Flights.feature:4&amp#27;[0m
    &amp#27;[32mGiven &amp#27;[0m&amp#27;[32mEnter the information to find the desired travel&amp#27;[0m            &amp#27;[90m# FlightsDefinitions.EnterTheInformationToFindTheDesiredTravel(DataTable)&amp#27;[0m
    &amp#27;[32mAnd &amp#27;[0m&amp#27;[32mChange the departure date and return date from lateral scroll&amp#27;[0m &amp#27;[90m# FlightsDefinitions.ChangeTheDepartureDateAndReturnDateFromLateralScrol(DataTable)&amp#27;[0m
    &amp#27;[32mWhen &amp#27;[0m&amp#27;[32mI click on Value Fare&amp#27;[0m                                        &amp#27;[90m# FlightsDefinitions.IClickOnValueFare()&amp#27;[0m
    &amp#27;[32mAnd &amp#27;[0m&amp#27;[32mI fill the passengers info out&amp#27;[0m                                &amp#27;[90m# FlightsDefinitions.IFillThePassengersInfoOut(DataTable)&amp#27;[0m
    &amp#27;[31mThen &amp#27;[0m&amp#27;[31mI confirm the desired Seats&amp#27;[0m                                  &amp#27;[90m# FlightsDefinitions.IConfirmTheDesiredSeats(DataTable)&amp#27;[0m
      &amp#27;[31morg.openqa.selenium.ElementClickInterceptedException: element click intercepted: Element <button _ngcontent-ryanair-seats-c98="" id="seat-09D" class="ng-star-inserted seatmap__seat seatmap__seat--selected">...</button> is not clickable at point (748, 20). Other element would receive the click: <div _ngcontent-ryanair-seats-c34="" class="header__center"></div>
  (Session info: chrome=91.0.4472.77)
Build info: version: '3.141.59', revision: 'e82be7d358', time: '2018-11-14T08:17:03'
System info: host: 'DESKTOP-FS5PVBN', ip: '10.211.55.4', os.name: 'Windows 10', os.arch: 'amd64', os.version: '10.0', java.version: '1.8.0_291'
Driver info: org.openqa.selenium.chrome.ChromeDriver
Capabilities {acceptInsecureCerts: false, browserName: chrome, browserVersion: 91.0.4472.77, chrome: {chromedriverVersion: 90.0.4430.24 (4c6d850f087da..., userDataDir: C:\Users\ANDRES~1\AppData\L...}, goog:chromeOptions: {debuggerAddress: localhost:60590}, javascriptEnabled: true, networkConnectionEnabled: false, pageLoadStrategy: normal, platform: WINDOWS, platformName: WINDOWS, proxy: Proxy(), setWindowRect: true, strictFileInteractability: false, timeouts: {implicit: 0, pageLoad: 300000, script: 30000}, unhandledPromptBehavior: dismiss and notify, webauthn:extension:largeBlob: true, webauthn:virtualAuthenticators: true}
Session ID: d49fc589a7c1c049cb95a6759aeef5a2
	at sun.reflect.NativeConstructorAccessorImpl.newInstance0(Native Method)
	at sun.reflect.NativeConstructorAccessorImpl.newInstance(NativeConstructorAccessorImpl.java:62)
	at sun.reflect.DelegatingConstructorAccessorImpl.newInstance(DelegatingConstructorAccessorImpl.java:45)
	at java.lang.reflect.Constructor.newInstance(Constructor.java:423)
	at org.openqa.selenium.remote.http.W3CHttpResponseCodec.createException(W3CHttpResponseCodec.java:187)
	at org.openqa.selenium.remote.http.W3CHttpResponseCodec.decode(W3CHttpResponseCodec.java:122)
	at org.openqa.selenium.remote.http.W3CHttpResponseCodec.decode(W3CHttpResponseCodec.java:49)
	at org.openqa.selenium.remote.HttpCommandExecutor.execute(HttpCommandExecutor.java:158)
	at org.openqa.selenium.remote.service.DriverCommandExecutor.execute(DriverCommandExecutor.java:83)
	at org.openqa.selenium.remote.RemoteWebDriver.execute(RemoteWebDriver.java:552)
	at org.openqa.selenium.remote.RemoteWebElement.execute(RemoteWebElement.java:285)
	at org.openqa.selenium.remote.RemoteWebElement.click(RemoteWebElement.java:84)
	at com.bring.flights.page_object.SelectionPlaneSeats.SelectDesiredSeat(SelectionPlaneSeats.java:50)
	at com.bring.flights.steps.ReserveTrip.SelectionDesiredSeats(ReserveTrip.java:64)
	at com.bring.flights.steps.ReserveTrip$ByteBuddy$gYeqLfol.SelectionDesiredSeats$accessor$bdInxnK7(Unknown Source)
	at sun.reflect.NativeMethodAccessorImpl.invoke0(Native Method)
	at sun.reflect.NativeMethodAccessorImpl.invoke(NativeMethodAccessorImpl.java:62)
	at sun.reflect.DelegatingMethodAccessorImpl.invoke(DelegatingMethodAccessorImpl.java:43)
	at java.lang.reflect.Method.invoke(Method.java:498)
	at net.thucydides.core.steps.BaseMethodRunner.invokeMethod(BaseMethodRunner.java:18)
	at net.thucydides.core.steps.NormalMethodRunner.invokeMethodAndNotifyFailures(NormalMethodRunner.java:18)
	at net.thucydides.core.steps.StepInterceptor.runNormalMethod(StepInterceptor.java:377)
	at net.thucydides.core.steps.StepInterceptor.testStepResult(StepInterceptor.java:162)
	at net.thucydides.core.steps.StepInterceptor.intercept(StepInterceptor.java:75)
	at com.bring.flights.steps.ReserveTrip$ByteBuddy$gYeqLfol.SelectionDesiredSeats(Unknown Source)
	at com.bring.flights.definitions.FlightsDefinitions.IConfirmTheDesiredSeats(FlightsDefinitions.java:56)
	at ?.I confirm the desired Seats(file:src/test/resources/features/Flights.feature:17)
&amp#27;[0m
    &amp#27;[36mAnd &amp#27;[0m&amp#27;[36mThe user is taken the to the confirmation flights page&amp#27;[0m        &amp#27;[90m# FlightsDefinitions.TheUserIsTakenTheToTheConfirmationFlightsPage()&amp#27;[0m
22:15:40.164 [pool-1-thread-1] DEBUG n.t.core.reports.ReportService - Reporting formats: [JSON, HTML]
22:15:40.210 [pool-1-thread-1] DEBUG n.t.core.reports.ReportService - Reporting formats: [JSON, HTML]
22:15:40.226 [pool-1-thread-1] DEBUG n.t.core.reports.ReportService - Generating reports for 1 test outcomes using: net.thucydides.core.reports.json.JSONTestOutcomeReporter@5d3bf25c
22:15:40.226 [pool-1-thread-1] DEBUG n.t.core.reports.ReportService - Processing test outcome Book Flights on Ryanair.com:
22:15:40.226 [pool-1-thread-1] DEBUG n.t.core.reports.ReportService - net.thucydides.core.reports.json.JSONTestOutcomeReporter@5d3bf25c: Generating report for test outcome: Book Flights on Ryanair.com:
22:15:40.226 [pool-1-thread-1] DEBUG n.t.c.r.json.JSONTestOutcomeReporter - Generating JSON report for  to file C:\Users\AndresMauricioEscoba\Desktop\JavaProjects\BringRyanair\target\site\serenity\book_flights_on_ryanair.com_.json (using temp file C:\Users\AndresMauricioEscoba\Desktop\JavaProjects\BringRyanair\target\site\serenity\book_flights_on_ryanair.com_.jsonbd9e417f-bd6f-44c1-942b-91fc682758c3)
22:15:40.257 [pool-1-thread-1] DEBUG n.t.core.reports.ReportService - Processing test outcome Book Flights on Ryanair.com: done
22:15:40.257 [pool-1-thread-1] DEBUG n.t.core.reports.ReportService - Shutting down executor service
22:15:40.257 [pool-1-thread-1] DEBUG n.t.core.reports.ReportService - Reports generated in: 31 ms
22:15:40.257 [pool-1-thread-1] DEBUG n.t.core.reports.ReportService - Generating reports for 1 test outcomes using: net.thucydides.core.reports.html.HtmlAcceptanceTestReporter@7eba5050
22:15:40.257 [pool-2-thread-1] DEBUG n.t.core.reports.ReportService - Processing test outcome Book Flights on Ryanair.com:
22:15:40.257 [pool-2-thread-1] DEBUG n.t.core.reports.ReportService - net.thucydides.core.reports.html.HtmlAcceptanceTestReporter@7eba5050: Generating report for test outcome: Book Flights on Ryanair.com:
22:15:40.257 [pool-2-thread-1] DEBUG n.t.c.r.h.HtmlAcceptanceTestReporter - GENERATE TEST OUTCOME REPORT FOR  in book_flights_on_ryanair.com_
22:15:40.273 [pool-2-thread-1] DEBUG n.t.c.r.RequirementsTagProvider -  found:[Requirement{name='Book Flights on Ryanair.com', type='feature' parent = 'null', cardNumber='null'}]
22:15:40.273 [pool-2-thread-1] DEBUG n.t.c.r.BaseRequirementsService - Requirement found for test outcome -[]: Optional[Requirement{name='Book Flights on Ryanair.com', type='feature' parent = 'null', cardNumber='null'}]
22:15:40.273 [pool-2-thread-1] DEBUG n.t.c.r.BaseRequirementsService - Requirement found for test outcome -[]: Optional[Requirement{name='Book Flights on Ryanair.com', type='feature' parent = 'null', cardNumber='null'}]
22:15:40.305 [pool-2-thread-1] DEBUG n.t.c.r.BaseRequirementsService - Requirement found for test outcome -[]: Optional[Requirement{name='Book Flights on Ryanair.com', type='feature' parent = 'null', cardNumber='null'}]
22:15:40.305 [pool-2-thread-1] DEBUG n.t.c.r.BaseRequirementsService - Requirement found for test outcome -[]: Optional[Requirement{name='Book Flights on Ryanair.com', type='feature' parent = 'null', cardNumber='null'}]
22:15:40.382 [pool-2-thread-1] DEBUG n.t.c.r.h.HtmlAcceptanceTestReporter - Generating report in book_flights_on_ryanair.com__screenshots.html
22:15:40.711 [pool-2-thread-1] DEBUG n.t.c.r.h.HtmlAcceptanceTestReporter - Generated report book_flights_on_ryanair.com__screenshots.html in 329 ms
22:15:40.711 [pool-2-thread-1] DEBUG n.t.c.r.h.HtmlAcceptanceTestReporter - GENERATING HTML REPORT FOR Book Flights on Ryanair.com: in book_flights_on_ryanair.com_.html in directory target\site\serenity  
22:15:40.991 [pool-2-thread-1] DEBUG n.t.c.r.h.HtmlAcceptanceTestReporter - Generating report in book_flights_on_ryanair.com_.html
22:15:41.101 [pool-2-thread-1] DEBUG n.t.c.r.h.HtmlAcceptanceTestReporter - Generated report book_flights_on_ryanair.com_.html in 110 ms
22:15:41.101 [pool-2-thread-1] DEBUG n.t.core.reports.ReportService - Processing test outcome Book Flights on Ryanair.com: done
22:15:41.101 [pool-1-thread-1] DEBUG n.t.core.reports.ReportService - Shutting down executor service
22:15:41.101 [pool-1-thread-1] DEBUG n.t.core.reports.ReportService - Reports generated in: 844 ms
22:15:41.241 [pool-1-thread-1] DEBUG n.s.core.photography.Darkroom - Closing darkroom
22:14:37.482 [pool-1-thread-1] INFO  n.t.c.steps.ConsoleLoggingListener - 
 _____ _____ ____ _____   ____ _____  _    ____ _____ _____ ____  
|_   _| ____/ ___|_   _| / ___|_   _|/ \  |  _ \_   _| ____|  _ \ 
  | | |  _| \___ \ | |   \___ \ | | / _ \ | |_) || | |  _| | | | |
  | | | |___ ___) || |    ___) || |/ ___ \|  _ < | | | |___| |_| |
  |_| |_____|____/ |_|   |____/ |_/_/   \_\_| \_\|_| |_____|____/ 
                                                                  

TEST STARTED: 
-------------------------------------------------------------------(book-flights-on-ryanair.com;)
22:14:38.403 [pool-1-thread-1] INFO  n.s.c.w.d.ProvideNewDriver - Instantiating driver
22:14:38.403 [pool-1-thread-1] INFO  n.s.c.w.d.ProvideNewDriver - Driver capabilities: Capabilities {acceptInsecureCerts: false, browserName: chrome, chrome.switches: --start-maximized, goog:chromeOptions: {args: [--start-maximized], extensions: []}, loggingPrefs: org.openqa.selenium.logging..., platform: ANY, version: }
22:15:09.568 [pool-1-thread-1] DEBUG n.s.core.photography.Darkroom - Opening darkroom
22:15:09.568 [Darkroom Processing Line] DEBUG n.s.c.p.DarkroomProcessingLine - Darkroom processing line starting up
22:15:10.162 [pool-1-thread-1] DEBUG n.s.core.photography.Darkroom - Send negative for processing for target\site\serenity\a73bec6fbbe5d96b6f564db805e66969ec61456351aea789764b5e9e875fc4d5.png
22:15:10.162 [Darkroom Processing Line] DEBUG n.s.c.p.DarkroomProcessingLine - Processing screenshot image in /var/screenshots/screenshot-2793567262212938271
22:15:10.162 [Darkroom Processing Line] DEBUG n.s.c.p.DarkroomProcessingLine - Saving screenshot to target\site\serenity\a73bec6fbbe5d96b6f564db805e66969ec61456351aea789764b5e9e875fc4d5.png
22:15:27.411 [pool-1-thread-1] DEBUG n.s.core.photography.Darkroom - Send negative for processing for target\site\serenity\fabf6e88db235cc8ef59da067c9a29627be76b176ff8af6da49218857c3ac836.png
22:15:27.411 [Darkroom Processing Line] DEBUG n.s.c.p.DarkroomProcessingLine - Processing screenshot image in /var/screenshots/screenshot-613434542785414976
22:15:27.411 [Darkroom Processing Line] DEBUG n.s.c.p.DarkroomProcessingLine - Saving screenshot to target\site\serenity\fabf6e88db235cc8ef59da067c9a29627be76b176ff8af6da49218857c3ac836.png
22:15:29.203 [pool-1-thread-1] DEBUG n.s.core.photography.Darkroom - Send negative for processing for target\site\serenity\dc5f31b276ae48918515f95a3c1d59ce042920f0d25140ad7425189aefab5511.png
22:15:29.203 [Darkroom Processing Line] DEBUG n.s.c.p.DarkroomProcessingLine - Processing screenshot image in /var/screenshots/screenshot-720541901916771896
22:15:29.203 [Darkroom Processing Line] DEBUG n.s.c.p.DarkroomProcessingLine - Saving screenshot to target\site\serenity\dc5f31b276ae48918515f95a3c1d59ce042920f0d25140ad7425189aefab5511.png
22:15:30.923 [pool-1-thread-1] DEBUG n.s.core.photography.Darkroom - Send negative for processing for target\site\serenity\98e0f3f92855769d007275241c098b841fe135feab6cd347a9d955413d96796b.png
22:15:30.923 [Darkroom Processing Line] DEBUG n.s.c.p.DarkroomProcessingLine - Processing screenshot image in /var/screenshots/screenshot-6604078191213840041
22:15:30.923 [Darkroom Processing Line] DEBUG n.s.c.p.DarkroomProcessingLine - Saving screenshot to target\site\serenity\98e0f3f92855769d007275241c098b841fe135feab6cd347a9d955413d96796b.png
[[Seats], [09D], [09E], [09F]]
09D
09E
09F
[[Seats], [09D], [09E], [09F]]
09D
22:15:39.187 [pool-1-thread-1] DEBUG n.s.core.photography.Darkroom - Send negative for processing for target\site\serenity\03dc377631505c445b7ab6b3b13708cbddac88801e27dd29bb44d3e89f2eba16.png
22:15:39.187 [Darkroom Processing Line] DEBUG n.s.c.p.DarkroomProcessingLine - Processing screenshot image in /var/screenshots/screenshot-134147752164477659
22:15:39.187 [Darkroom Processing Line] DEBUG n.s.c.p.DarkroomProcessingLine - Saving screenshot to target\site\serenity\03dc377631505c445b7ab6b3b13708cbddac88801e27dd29bb44d3e89f2eba16.png
22:15:41.241 [Darkroom Processing Line] DEBUG n.s.c.p.DarkroomProcessingLine - Darkroom processing line shutting down
]]></system-out>
    <system-err><![CDATA[jun 05, 2021 10:14:37 PM org.openqa.selenium.remote.DesiredCapabilities chrome
INFORMACIÓN: Using `new ChromeOptions()` is preferred to `DesiredCapabilities.chrome()`
Starting ChromeDriver 90.0.4430.24 (4c6d850f087da467d926e8eddb76550aed655991-refs/branch-heads/4430@{#429}) on port 21231
Only local connections are allowed.
Please see https://chromedriver.chromium.org/security-considerations for suggestions on keeping ChromeDriver safe.
ChromeDriver was started successfully.
[1622949279.957][WARNING]: This version of ChromeDriver has not been tested with Chrome version 91.
jun 05, 2021 10:14:39 PM org.openqa.selenium.remote.ProtocolHandshake createSession
INFORMACIÓN: Detected dialect: W3C
]]></system-err>
  </testcase>
</testsuite>